mode: set
enigmacamp.com/golatihanlagi/usecase/customer_usecase.go:17.75,19.2 1 1
enigmacamp.com/golatihanlagi/usecase/customer_usecase.go:21.79,23.2 1 1
enigmacamp.com/golatihanlagi/usecase/customer_usecase.go:25.70,27.2 1 1
enigmacamp.com/golatihanlagi/usecase/customer_usecase.go:29.77,31.2 1 1
enigmacamp.com/golatihanlagi/repository/customer_db_repository.go:19.73,22.16 3 1
enigmacamp.com/golatihanlagi/repository/customer_db_repository.go:25.2,25.12 1 1
enigmacamp.com/golatihanlagi/repository/customer_db_repository.go:22.16,24.3 1 1
enigmacamp.com/golatihanlagi/repository/customer_db_repository.go:28.72,30.16 2 1
enigmacamp.com/golatihanlagi/repository/customer_db_repository.go:33.2,34.18 2 1
enigmacamp.com/golatihanlagi/repository/customer_db_repository.go:46.2,46.23 1 1
enigmacamp.com/golatihanlagi/repository/customer_db_repository.go:30.16,32.3 1 1
enigmacamp.com/golatihanlagi/repository/customer_db_repository.go:34.18,39.17 5 1
enigmacamp.com/golatihanlagi/repository/customer_db_repository.go:43.3,44.42 2 1
enigmacamp.com/golatihanlagi/repository/customer_db_repository.go:39.17,41.4 1 0
enigmacamp.com/golatihanlagi/repository/customer_db_repository.go:49.76,51.16 2 1
enigmacamp.com/golatihanlagi/repository/customer_db_repository.go:54.2,55.18 2 1
enigmacamp.com/golatihanlagi/repository/customer_db_repository.go:66.2,66.22 1 1
enigmacamp.com/golatihanlagi/repository/customer_db_repository.go:51.16,53.3 1 1
enigmacamp.com/golatihanlagi/repository/customer_db_repository.go:55.18,60.17 5 1
enigmacamp.com/golatihanlagi/repository/customer_db_repository.go:64.3,64.50 1 1
enigmacamp.com/golatihanlagi/repository/customer_db_repository.go:60.17,61.14 1 0
enigmacamp.com/golatihanlagi/repository/customer_db_repository.go:70.61,74.2 1 1
enigmacamp.com/golatihanlagi/delivery/controller/customer_controller.go:16.64,18.16 2 1
enigmacamp.com/golatihanlagi/delivery/controller/customer_controller.go:22.2,22.36 1 1
enigmacamp.com/golatihanlagi/delivery/controller/customer_controller.go:18.16,21.3 2 1
enigmacamp.com/golatihanlagi/delivery/controller/customer_controller.go:24.65,27.16 3 0
enigmacamp.com/golatihanlagi/delivery/controller/customer_controller.go:31.2,31.36 1 0
enigmacamp.com/golatihanlagi/delivery/controller/customer_controller.go:27.16,30.3 2 0
enigmacamp.com/golatihanlagi/delivery/controller/customer_controller.go:34.66,36.54 2 1
enigmacamp.com/golatihanlagi/delivery/controller/customer_controller.go:40.2,40.62 1 1
enigmacamp.com/golatihanlagi/delivery/controller/customer_controller.go:44.2,44.35 1 1
enigmacamp.com/golatihanlagi/delivery/controller/customer_controller.go:36.54,39.3 2 1
enigmacamp.com/golatihanlagi/delivery/controller/customer_controller.go:40.62,43.3 2 1
enigmacamp.com/golatihanlagi/delivery/controller/customer_controller.go:47.96,56.2 5 1
